Writing PID to tmp/pids/thin.pid
Thin web server (v1.6.3 codename Protein Powder)
Maximum connections set to 1024
Listening on 0.0.0.0:3030, CTRL+C to stop
[33mFor the twitter widget to work, you need to put in your twitter API keys in the jobs/twitter.rb file.[0m
================================================================================
scheduler caught exception:
undefined method `[]=' for false:FalseClass
=============================================================================
/var/lib/gems/1.9.1/gems/dashing-1.3.4/lib/dashing/app.rb:126:in `send_event'

scheduler caught exception:us-scheduler-2.0.24/lib/rufus/sc/jobs.rb:230:in `call'

undefined method `[]=' for false:FalseClass:13:in `block in <top (required)>'rigger_block'

/var/lib/gems/1.9.1/gems/rufus-scheduler-2.0.24/lib/rufus/sc/jobs.rb:230:in `call'in trigger'


/var/lib/gems/1.9.1/gems/dashing-1.3.4/lib/dashing/app.rb:126:in `send_event'rigger_b
/var

/vagrant/service_monitor/jobs/buzzwords.rb:8:in `block in <top (required)>'`block in trigger'
/va

/var/lib/gems/1.9.1/gems/rufus-scheduler-2.0.24/lib/rufus/sc/jobs.rb:230:in `call'


ar/lib/gems/1.9.1/gems/rufus-scheduler-2.0.24/lib/rufus/sc/scheduler.rb:430:in `block in trigger_job'
/var/lib/gems/1.9.1/gems/rufus-scheduler-2.0.24/lib/rufus/sc/jobs.rb:230:in `trigger_block'
/var/lib/gems/1.9.1/gems/rufus-scheduler-2.0.24/lib/rufus/sc/jobs.rb:204:in `block in trigger'
/var/lib/gems/1.9.1/gems/rufus-scheduler-2.0.24/lib/rufus/sc/scheduler.rb:430:in `call'
/var/lib/gems/1.9.1/gems/rufus-scheduler-2.0.24/lib/rufus/sc/scheduler.rb:430:in `block in trigger_job'
================================================================================
================================================================================
scheduler caught exception:
undefined method `[]=' for false:FalseClass
================================================================================

/var/lib/gems/1.9.1/gems/dashing-1.3.4/lib/dashing/app.rb:126:in `send_e
scheduler caught exception:
us-scheduler-2.0.24/lib/rufus/sc/jobs.rb:230:in `call'
/vagrant/service_monitor/jobs/convergence.rb:13:in `block in <top (required)>'
igger_block'undefined method `[]=' for false:FalseClass/var/lib/gems/1.9.1/gems/rufus-scheduler-2.0.24/lib/rufus/sc/jobs.rb:204:in `block in trigger'
/var/lib/gems/1.9.1/gems/rufus-scheduler-2.0.24/lib/rufus/sc/scheduler.rb:430:in `call'
ck'/var/lib/gems/1.9.1/gems/dashing-1.3.4/lib/dashing/app.rb:126:in `send_event'/var/lib/gems/1.9.1/gems/rufus-scheduler-2.0.24/lib/rufus/sc/jobs.rb:204:in `block in trigger'/var/lib/gems/1.9.1/gems/rufus-scheduler-2.0.24/lib/rufus/sc/scheduler.rb:430:in `block in trigger_job'/var/lib/gems/1.9.1/gems/rufus-scheduler-2.0.24/lib/rufus/sc/scheduler.rb:430:in `call'/vagrant/service_monitor/jobs/buzzwords.rb:8:in `block in <top (required)>'================================================================================/var/lib/gems/1.9.1/gems/rufus-scheduler-2.0.24/lib/rufus/sc/jobs.rb:230:in `call'/var/lib/gems/1.9.1/gems/rufus-scheduler-2.0.24/lib/rufus/sc/scheduler.rb:430:in `block in trigger_job'/================================================================================
er_block'
/var/lib/gems/1.9.1/gems/rufus-scheduler-2.0.24/lib/rufus/sc/jobs.rb:204:in `block in trigger'
/var/lib/gems/1.9.1/gems/rufus-scheduler-2.0.24/lib/rufus/sc/scheduler.rb:430:in `call'
/var/lib/gems/1.9.1/gems/rufus-scheduler-2.0.24/lib/rufus/sc/scheduler.rb:430:in `block in trigger_job'
================================================================================
Exiting!
Writing PID to tmp/pids/thin.pid
Thin web server (v1.6.3 codename Protein Powder)
Maximum connections set to 1024
Listening on 0.0.0.0:9090, CTRL+C to stop
10.0.2.2 - - [10/Sep/2015 20:12:08] "GET /events HTTP/1.1" 200 - 0.0373
Exiting!
/var/lib/gems/1.9.1/gems/dashing-1.3.4/lib/dashing/app.rb:137:in `latest_events': undefined method `inject' for false:FalseClass (NoMethodError)
	from /var/lib/gems/1.9.1/gems/dashing-1.3.4/lib/dashing/app.rb:72:in `block (2 levels) in <top (required)>'
	from /var/lib/gems/1.9.1/gems/sinatra-1.4.6/lib/sinatra/base.rb:437:in `block (2 levels) in stream'
	from /var/lib/gems/1.9.1/gems/sinatra-1.4.6/lib/sinatra/base.rb:628:in `with_params'
	from /var/lib/gems/1.9.1/gems/sinatra-1.4.6/lib/sinatra/base.rb:437:in `block in stream'
	from /var/lib/gems/1.9.1/gems/sinatra-1.4.6/lib/sinatra/base.rb:403:in `call'
	from /var/lib/gems/1.9.1/gems/sinatra-1.4.6/lib/sinatra/base.rb:403:in `block in each'
	from /var/lib/gems/1.9.1/gems/eventmachine-1.0.8/lib/eventmachine.rb:1062:in `call'
	from /var/lib/gems/1.9.1/gems/eventmachine-1.0.8/lib/eventmachine.rb:1062:in `block in spawn_threadpool'
Writing PID to tmp/pids/thin.pid
Thin web server (v1.6.3 codename Protein Powder)
Maximum connections set to 1024
Listening on 0.0.0.0:9090, CTRL+C to stop
[33mFor the twitter widget to work, you need to put in your twitter API keys in the jobs/twitter.rb file.[0m
10.0.2.2 - - [10/Sep/2015 20:15:24] "GET /ops HTTP/1.1" 200 1984 0.0086
10.0.2.2 - - [10/Sep/2015 20:15:26] "GET /ops HTTP/1.1" 200 1984 0.0081
10.0.2.2 - - [10/Sep/2015 20:15:26] "GET /events HTTP/1.1" 200 - 0.0352
10.0.2.2 - - [10/Sep/2015 20:15:26] "GET /views/alert.html HTTP/1.1" 200 53 0.0132
10.0.2.2 - - [10/Sep/2015 20:15:26] "GET /views/meter.html HTTP/1.1" 200 336 0.0116
[33mFor the twitter widget to work, you need to put in your twitter API keys in the jobs/twitter.rb file.[0m
[33mFor the twitter widget to work, you need to put in your twitter API keys in the jobs/twitter.rb file.[0m
[33mFor the twitter widget to work, you need to put in your twitter API keys in the jobs/twitter.rb file.[0m
[33mFor the twitter widget to work, you need to put in your twitter API keys in the jobs/twitter.rb file.[0m
10.0.2.2 - - [10/Sep/2015 20:55:32] "GET /events HTTP/1.1" 200 - 2405.7911
Exiting!
